<?xml version="1.0" encoding="UTF-8"?>
<!-- Generated by org.testng.reporters.JUnitReportReporter -->
<testsuite hostname="DESKTOP-AC7G0VU" failures="0" tests="2" name="qaclickacademy.Mavenjava.RESTAPITest" time="0.004" errors="0" timestamp="2020-11-19T11:48:32 EST" skipped="0">
  <testcase classname="qaclickacademy.Mavenjava.RESTAPITest" name="deltweeter" time="0.000"/>
  <system-out/>
  <testcase classname="qaclickacademy.Mavenjava.RESTAPITest" name="PostJira" time="0.004"/>
  <system-out/>
</testsuite> <!-- qaclickacademy.Mavenjava.RESTAPITest -->
